<?xml version="1.0" encoding="UTF-8"?>
<!-- Generated by org.testng.reporters.JUnitReportReporter -->
<testsuite skipped="0" hostname="DESKTOP-QTN1F52" name="com.openMRS.testcases.LoginTestCase" tests="1" failures="0" timestamp="2020-09-18T13:19:39 IST" time="2.117" errors="0">
  <testcase name="LoginTest" time="2.117" classname="com.openMRS.testcases.LoginTestCase"/>
  <system-out/>
</testsuite> <!-- com.openMRS.testcases.LoginTestCase -->
